-------------------------------------------------------------------------------
Test set: com.pratice.registeruser.RegisteruserApplicationTests
-------------------------------------------------------------------------------
Tests run: 1, Failures: 0, Errors: 1, Skipped: 0, Time elapsed: 4.296 s <<< FAILURE! - in com.pratice.registeruser.RegisteruserApplicationTests
contextLoads  Time elapsed: 0.003 s  <<< ERROR!
java.lang.IllegalStateException: Failed to load ApplicationContext
Caused by: org.springframework.beans.factory.UnsatisfiedDependencyException: Error creating bean with name 'userController': Unsatisfied dependency expressed through field 'bookRepo'; nested exception is org.springframework.beans.factory.BeanCreationException: Error creating bean with name 'bookRepo' defined in com.pratice.registeruser.DB.BookRepo defined in @EnableMongoRepositories declared on MongoRepositoriesRegistrar.EnableMongoRepositoriesConfiguration: Invocation of init method failed; nested exception is org.springframework.data.repository.query.QueryCreationException: Could not create query for public abstract void com.pratice.registeruser.DB.BookRepo.findOne(java.lang.String)! Reason: No property findOne found for type Book!; nested exception is org.springframework.data.mapping.PropertyReferenceException: No property findOne found for type Book!
Caused by: org.springframework.beans.factory.BeanCreationException: Error creating bean with name 'bookRepo' defined in com.pratice.registeruser.DB.BookRepo defined in @EnableMongoRepositories declared on MongoRepositoriesRegistrar.EnableMongoRepositoriesConfiguration: Invocation of init method failed; nested exception is org.springframework.data.repository.query.QueryCreationException: Could not create query for public abstract void com.pratice.registeruser.DB.BookRepo.findOne(java.lang.String)! Reason: No property findOne found for type Book!; nested exception is org.springframework.data.mapping.PropertyReferenceException: No property findOne found for type Book!
Caused by: org.springframework.data.repository.query.QueryCreationException: Could not create query for public abstract void com.pratice.registeruser.DB.BookRepo.findOne(java.lang.String)! Reason: No property findOne found for type Book!; nested exception is org.springframework.data.mapping.PropertyReferenceException: No property findOne found for type Book!
Caused by: org.springframework.data.mapping.PropertyReferenceException: No property findOne found for type Book!

